<?xml version="1.0" encoding="UTF-8"?>
<testsuite xmlns:xsi="http://www.w3.org/2001/XMLSchema-instance" xsi:noNamespaceSchemaLocation="https://maven.apache.org/surefire/maven-surefire-plugin/xsd/surefire-test-report-3.0.xsd" version="3.0" name="com.calkoo.runner.TestRunner" time="55.117" tests="8" errors="0" skipped="0" failures="0">
  <properties>
[...]
</properties>
  <testcase name="Validate selected country and VAT rate" classname="Vat Calculator" time="8.88">
    <system-out><![CDATA[
Scenario: Validate selected country and VAT rate &amp#27;[90m# src/test/resources/features/vat_calculator.feature:2&amp#27;[0m
2025-02-02T22:18:38.267047700Z main INFO Starting configuration XmlConfiguration[location=C:\Rafael\Projetos Novos\NaoGitHub\DESAFIOS\Java\IntelliJ\BKP\Calkoo\target\test-classes\log4j2.xml, lastModified=2025-02-02T03:01:36.539Z]...
2025-02-02T22:18:38.269048600Z main INFO Start watching for changes to C:\Rafael\Projetos Novos\NaoGitHub\DESAFIOS\Java\IntelliJ\BKP\Calkoo\target\test-classes\log4j2.xml every 0 seconds
2025-02-02T22:18:38.269048600Z main INFO Configuration XmlConfiguration[location=C:\Rafael\Projetos Novos\NaoGitHub\DESAFIOS\Java\IntelliJ\BKP\Calkoo\target\test-classes\log4j2.xml, lastModified=2025-02-02T03:01:36.539Z] started.
2025-02-02T22:18:38.272052Z main INFO Stopping configuration org.apache.logging.log4j.core.config.DefaultConfiguration@53ac845a...
2025-02-02T22:18:38.272052Z main INFO Configuration org.apache.logging.log4j.core.config.DefaultConfiguration@53ac845a stopped.
2025-02-02 23:18:41 INFO  Steps:68 - Clicked the 'Consent' button.
2025-02-02 23:18:41 INFO  Steps:72 - Clicked the 'I Accept!' button.
  &amp#27;[32mGiven &amp#27;[0m&amp#27;[32mI am on the VAT Calculator page&amp#27;[0m          &amp#27;[90m# com.calkoo.steps.Steps.i_am_on_the_VAT_Calculator_page()&amp#27;[0m
2025-02-02 23:18:44 INFO  Steps:81 - Selected country: Portugal
  &amp#27;[32mWhen &amp#27;[0m&amp#27;[32mI select a country &amp#27;[0m&amp#27;[32m&amp#27;[1m"Portugal"&amp#27;[0m             &amp#27;[90m# com.calkoo.steps.Steps.i_select_a_country(java.lang.String)&amp#27;[0m
2025-02-02 23:18:45 INFO  Steps:87 - Selected VAT rate: 23%
  &amp#27;[32mAnd &amp#27;[0m&amp#27;[32mI select a VAT rate &amp#27;[0m&amp#27;[32m&amp#27;[1m"23%"&amp#27;[0m                  &amp#27;[90m# com.calkoo.steps.Steps.i_select_a_VAT_rate(java.lang.String)&amp#27;[0m
2025-02-02 23:18:46 INFO  Steps:100 - Verified selected country: Portugal
  &amp#27;[32mThen &amp#27;[0m&amp#27;[32mthe selected country should be &amp#27;[0m&amp#27;[32m&amp#27;[1m"Portugal"&amp#27;[0m &amp#27;[90m# com.calkoo.steps.Steps.the_selected_country_should_be(java.lang.String)&amp#27;[0m
2025-02-02 23:18:46 INFO  Steps:107 - Verified selected VAT rate: 23%
  &amp#27;[32mAnd &amp#27;[0m&amp#27;[32mthe selected VAT rate should be &amp#27;[0m&amp#27;[32m&amp#27;[1m"23%"&amp#27;[0m      &amp#27;[90m# com.calkoo.steps.Steps.the_selected_VAT_rate_should_be(java.lang.String)&amp#27;[0m
2025-02-02 23:18:46 INFO  Steps:148 - Browser closed.
]]></system-out>
    <system-err><![CDATA[SLF4J(W): No SLF4J providers were found.
SLF4J(W): Defaulting to no-operation (NOP) logger implementation
SLF4J(W): See https://www.slf4j.org/codes.html#noProviders for further details.
]]></system-err>
  </testcase>
  <testcase name="Verify that the user can choose a valid VAT rate for the selected country" classname="Vat Calculator" time="6.621">
    <system-out><![CDATA[
Scenario: Verify that the user can choose a valid VAT rate for the selected country &amp#27;[90m# src/test/resources/features/vat_calculator.feature:9&amp#27;[0m
2025-02-02 23:18:49 INFO  Steps:68 - Clicked the 'Consent' button.
2025-02-02 23:18:49 INFO  Steps:72 - Clicked the 'I Accept!' button.
  &amp#27;[32mGiven &amp#27;[0m&amp#27;[32mI am on the VAT Calculator page&amp#27;[0m                                             &amp#27;[90m# com.calkoo.steps.Steps.i_am_on_the_VAT_Calculator_page()&amp#27;[0m
2025-02-02 23:18:52 INFO  Steps:81 - Selected country: Germany
  &amp#27;[32mWhen &amp#27;[0m&amp#27;[32mI select a country &amp#27;[0m&amp#27;[32m&amp#27;[1m"Germany"&amp#27;[0m                                                 &amp#27;[90m# com.calkoo.steps.Steps.i_select_a_country(java.lang.String)&amp#27;[0m
2025-02-02 23:18:52 INFO  Steps:93 - Selected other VAT rate: 19%
  &amp#27;[32mAnd &amp#27;[0m&amp#27;[32mI select other VAT rate &amp#27;[0m&amp#27;[32m&amp#27;[1m"19%"&amp#27;[0m                                                 &amp#27;[90m# com.calkoo.steps.Steps.i_select_other_VAT_rate(java.lang.String)&amp#27;[0m
2025-02-02 23:18:52 INFO  Steps:114 - Verified VAT rate is displayed correctly.
  &amp#27;[32mThen &amp#27;[0m&amp#27;[32mthe selected VAT rate should be displayed correctly in the calculator&amp#27;[0m        &amp#27;[90m# com.calkoo.steps.Steps.the_selected_VAT_rate_should_be_displayed_correctly_in_the_calculator()&amp#27;[0m
2025-02-02 23:18:52 INFO  Steps:120 - Entered Net amount: 100
  &amp#27;[32mWhen &amp#27;[0m&amp#27;[32mI enter the Net amount &amp#27;[0m&amp#27;[32m&amp#27;[1m"100"&amp#27;[0m                                                 &amp#27;[90m# com.calkoo.steps.Steps.i_enter_the_Net_amount(java.lang.String)&amp#27;[0m
2025-02-02 23:18:52 INFO  Steps:126 - Expected Gross amount: 119.0
2025-02-02 23:18:52 INFO  Steps:127 - Actual Gross amount: 119.0
  &amp#27;[32mThen &amp#27;[0m&amp#27;[32mthe calculated Gross amount should be &amp#27;[0m&amp#27;[32m&amp#27;[1m"119.0"&amp#27;[0m                                &amp#27;[90m# com.calkoo.steps.Steps.the_calculated_Gross_amount_should_be(java.lang.String)&amp#27;[0m
2025-02-02 23:18:52 INFO  Steps:134 - Verified VAT amount: 19
  &amp#27;[32mAnd &amp#27;[0m&amp#27;[32mthe calculated VAT amount should be &amp#27;[0m&amp#27;[32m&amp#27;[1m"19"&amp#27;[0m                                      &amp#27;[90m# com.calkoo.steps.Steps.the_calculated_VAT_amount_should_be(java.lang.String)&amp#27;[0m
2025-02-02 23:18:53 INFO  Steps:148 - Browser closed.
]]></system-out>
  </testcase>
  <testcase name="Validate VAT calculations #1" classname="Vat Calculator" time="7.005">
    <system-out><![CDATA[
Scenario Outline: Validate VAT calculations          &amp#27;[90m# src/test/resources/features/vat_calculator.feature:28&amp#27;[0m
2025-02-02 23:18:56 INFO  Steps:68 - Clicked the 'Consent' button.
2025-02-02 23:18:56 INFO  Steps:72 - Clicked the 'I Accept!' button.
  &amp#27;[32mGiven &amp#27;[0m&amp#27;[32mI am on the VAT Calculator page&amp#27;[0m              &amp#27;[90m# com.calkoo.steps.Steps.i_am_on_the_VAT_Calculator_page()&amp#27;[0m
2025-02-02 23:18:59 INFO  Steps:81 - Selected country: Germany
  &amp#27;[32mWhen &amp#27;[0m&amp#27;[32mI select a country &amp#27;[0m&amp#27;[32m&amp#27;[1m"Germany"&amp#27;[0m                  &amp#27;[90m# com.calkoo.steps.Steps.i_select_a_country(java.lang.String)&amp#27;[0m
2025-02-02 23:18:59 INFO  Steps:87 - Selected VAT rate: 19%
  &amp#27;[32mAnd &amp#27;[0m&amp#27;[32mI select a VAT rate &amp#27;[0m&amp#27;[32m&amp#27;[1m"19%"&amp#27;[0m                      &amp#27;[90m# com.calkoo.steps.Steps.i_select_a_VAT_rate(java.lang.String)&amp#27;[0m
2025-02-02 23:18:59 INFO  Steps:120 - Entered Net amount: 100
  &amp#27;[32mAnd &amp#27;[0m&amp#27;[32mI enter the Net amount &amp#27;[0m&amp#27;[32m&amp#27;[1m"100"&amp#27;[0m                   &amp#27;[90m# com.calkoo.steps.Steps.i_enter_the_Net_amount(java.lang.String)&amp#27;[0m
2025-02-02 23:18:59 INFO  Steps:126 - Expected Gross amount: 119.0
2025-02-02 23:18:59 INFO  Steps:127 - Actual Gross amount: 119.0
  &amp#27;[32mThen &amp#27;[0m&amp#27;[32mthe calculated Gross amount should be &amp#27;[0m&amp#27;[32m&amp#27;[1m"119.0"&amp#27;[0m &amp#27;[90m# com.calkoo.steps.Steps.the_calculated_Gross_amount_should_be(java.lang.String)&amp#27;[0m
2025-02-02 23:18:59 INFO  Steps:134 - Verified VAT amount: 19
  &amp#27;[32mAnd &amp#27;[0m&amp#27;[32mthe calculated VAT amount should be &amp#27;[0m&amp#27;[32m&amp#27;[1m"19"&amp#27;[0m       &amp#27;[90m# com.calkoo.steps.Steps.the_calculated_VAT_amount_should_be(java.lang.String)&amp#27;[0m
2025-02-02 23:19:00 INFO  Steps:148 - Browser closed.
]]></system-out>
  </testcase>
  <testcase name="Validate VAT calculations #2" classname="Vat Calculator" time="6.664">
    <system-out><![CDATA[
Scenario Outline: Validate VAT calculations          &amp#27;[90m# src/test/resources/features/vat_calculator.feature:29&amp#27;[0m
2025-02-02 23:19:03 INFO  Steps:68 - Clicked the 'Consent' button.
2025-02-02 23:19:03 INFO  Steps:72 - Clicked the 'I Accept!' button.
  &amp#27;[32mGiven &amp#27;[0m&amp#27;[32mI am on the VAT Calculator page&amp#27;[0m              &amp#27;[90m# com.calkoo.steps.Steps.i_am_on_the_VAT_Calculator_page()&amp#27;[0m
2025-02-02 23:19:06 INFO  Steps:81 - Selected country: Portugal
  &amp#27;[32mWhen &amp#27;[0m&amp#27;[32mI select a country &amp#27;[0m&amp#27;[32m&amp#27;[1m"Portugal"&amp#27;[0m                 &amp#27;[90m# com.calkoo.steps.Steps.i_select_a_country(java.lang.String)&amp#27;[0m
2025-02-02 23:19:06 INFO  Steps:87 - Selected VAT rate: 23%
  &amp#27;[32mAnd &amp#27;[0m&amp#27;[32mI select a VAT rate &amp#27;[0m&amp#27;[32m&amp#27;[1m"23%"&amp#27;[0m                      &amp#27;[90m# com.calkoo.steps.Steps.i_select_a_VAT_rate(java.lang.String)&amp#27;[0m
2025-02-02 23:19:06 INFO  Steps:120 - Entered Net amount: 200
  &amp#27;[32mAnd &amp#27;[0m&amp#27;[32mI enter the Net amount &amp#27;[0m&amp#27;[32m&amp#27;[1m"200"&amp#27;[0m                   &amp#27;[90m# com.calkoo.steps.Steps.i_enter_the_Net_amount(java.lang.String)&amp#27;[0m
2025-02-02 23:19:06 INFO  Steps:126 - Expected Gross amount: 246.0
2025-02-02 23:19:06 INFO  Steps:127 - Actual Gross amount: 246.0
  &amp#27;[32mThen &amp#27;[0m&amp#27;[32mthe calculated Gross amount should be &amp#27;[0m&amp#27;[32m&amp#27;[1m"246.0"&amp#27;[0m &amp#27;[90m# com.calkoo.steps.Steps.the_calculated_Gross_amount_should_be(java.lang.String)&amp#27;[0m
2025-02-02 23:19:06 INFO  Steps:134 - Verified VAT amount: 46
  &amp#27;[32mAnd &amp#27;[0m&amp#27;[32mthe calculated VAT amount should be &amp#27;[0m&amp#27;[32m&amp#27;[1m"46"&amp#27;[0m       &amp#27;[90m# com.calkoo.steps.Steps.the_calculated_VAT_amount_should_be(java.lang.String)&amp#27;[0m
2025-02-02 23:19:06 INFO  Steps:148 - Browser closed.
]]></system-out>
  </testcase>
  <testcase name="Validate VAT calculations #3" classname="Vat Calculator" time="6.506">
    <system-out><![CDATA[
Scenario Outline: Validate VAT calculations           &amp#27;[90m# src/test/resources/features/vat_calculator.feature:30&amp#27;[0m
2025-02-02 23:19:09 INFO  Steps:68 - Clicked the 'Consent' button.
2025-02-02 23:19:09 INFO  Steps:72 - Clicked the 'I Accept!' button.
  &amp#27;[32mGiven &amp#27;[0m&amp#27;[32mI am on the VAT Calculator page&amp#27;[0m               &amp#27;[90m# com.calkoo.steps.Steps.i_am_on_the_VAT_Calculator_page()&amp#27;[0m
2025-02-02 23:19:12 INFO  Steps:81 - Selected country: France
  &amp#27;[32mWhen &amp#27;[0m&amp#27;[32mI select a country &amp#27;[0m&amp#27;[32m&amp#27;[1m"France"&amp#27;[0m                    &amp#27;[90m# com.calkoo.steps.Steps.i_select_a_country(java.lang.String)&amp#27;[0m
2025-02-02 23:19:12 INFO  Steps:87 - Selected VAT rate: 20%
  &amp#27;[32mAnd &amp#27;[0m&amp#27;[32mI select a VAT rate &amp#27;[0m&amp#27;[32m&amp#27;[1m"20%"&amp#27;[0m                       &amp#27;[90m# com.calkoo.steps.Steps.i_select_a_VAT_rate(java.lang.String)&amp#27;[0m
2025-02-02 23:19:13 INFO  Steps:120 - Entered Net amount: 100.00
  &amp#27;[32mAnd &amp#27;[0m&amp#27;[32mI enter the Net amount &amp#27;[0m&amp#27;[32m&amp#27;[1m"100.00"&amp#27;[0m                 &amp#27;[90m# com.calkoo.steps.Steps.i_enter_the_Net_amount(java.lang.String)&amp#27;[0m
2025-02-02 23:19:13 INFO  Steps:126 - Expected Gross amount: 120.00
2025-02-02 23:19:13 INFO  Steps:127 - Actual Gross amount: 120.0
  &amp#27;[32mThen &amp#27;[0m&amp#27;[32mthe calculated Gross amount should be &amp#27;[0m&amp#27;[32m&amp#27;[1m"120.00"&amp#27;[0m &amp#27;[90m# com.calkoo.steps.Steps.the_calculated_Gross_amount_should_be(java.lang.String)&amp#27;[0m
2025-02-02 23:19:13 INFO  Steps:134 - Verified VAT amount: 20.00
  &amp#27;[32mAnd &amp#27;[0m&amp#27;[32mthe calculated VAT amount should be &amp#27;[0m&amp#27;[32m&amp#27;[1m"20.00"&amp#27;[0m     &amp#27;[90m# com.calkoo.steps.Steps.the_calculated_VAT_amount_should_be(java.lang.String)&amp#27;[0m
2025-02-02 23:19:13 INFO  Steps:148 - Browser closed.
]]></system-out>
  </testcase>
  <testcase name="Validate VAT calculations #4" classname="Vat Calculator" time="7.129">
    <system-out><![CDATA[
Scenario Outline: Validate VAT calculations          &amp#27;[90m# src/test/resources/features/vat_calculator.feature:31&amp#27;[0m
2025-02-02 23:19:16 INFO  Steps:68 - Clicked the 'Consent' button.
2025-02-02 23:19:16 INFO  Steps:72 - Clicked the 'I Accept!' button.
  &amp#27;[32mGiven &amp#27;[0m&amp#27;[32mI am on the VAT Calculator page&amp#27;[0m              &amp#27;[90m# com.calkoo.steps.Steps.i_am_on_the_VAT_Calculator_page()&amp#27;[0m
2025-02-02 23:19:19 INFO  Steps:81 - Selected country: Germany
  &amp#27;[32mWhen &amp#27;[0m&amp#27;[32mI select a country &amp#27;[0m&amp#27;[32m&amp#27;[1m"Germany"&amp#27;[0m                  &amp#27;[90m# com.calkoo.steps.Steps.i_select_a_country(java.lang.String)&amp#27;[0m
2025-02-02 23:19:19 INFO  Steps:87 - Selected VAT rate: 19%
  &amp#27;[32mAnd &amp#27;[0m&amp#27;[32mI select a VAT rate &amp#27;[0m&amp#27;[32m&amp#27;[1m"19%"&amp#27;[0m                      &amp#27;[90m# com.calkoo.steps.Steps.i_select_a_VAT_rate(java.lang.String)&amp#27;[0m
2025-02-02 23:19:20 INFO  Steps:120 - Entered Net amount: 50.00
  &amp#27;[32mAnd &amp#27;[0m&amp#27;[32mI enter the Net amount &amp#27;[0m&amp#27;[32m&amp#27;[1m"50.00"&amp#27;[0m                 &amp#27;[90m# com.calkoo.steps.Steps.i_enter_the_Net_amount(java.lang.String)&amp#27;[0m
2025-02-02 23:19:20 INFO  Steps:126 - Expected Gross amount: 59.50
2025-02-02 23:19:20 INFO  Steps:127 - Actual Gross amount: 59.5
  &amp#27;[32mThen &amp#27;[0m&amp#27;[32mthe calculated Gross amount should be &amp#27;[0m&amp#27;[32m&amp#27;[1m"59.50"&amp#27;[0m &amp#27;[90m# com.calkoo.steps.Steps.the_calculated_Gross_amount_should_be(java.lang.String)&amp#27;[0m
2025-02-02 23:19:20 INFO  Steps:134 - Verified VAT amount: 9.50
  &amp#27;[32mAnd &amp#27;[0m&amp#27;[32mthe calculated VAT amount should be &amp#27;[0m&amp#27;[32m&amp#27;[1m"9.50"&amp#27;[0m     &amp#27;[90m# com.calkoo.steps.Steps.the_calculated_VAT_amount_should_be(java.lang.String)&amp#27;[0m
2025-02-02 23:19:20 INFO  Steps:148 - Browser closed.
]]></system-out>
  </testcase>
  <testcase name="Validate VAT calculations #5" classname="Vat Calculator" time="5.247">
    <system-out><![CDATA[
Scenario Outline: Validate VAT calculations          &amp#27;[90m# src/test/resources/features/vat_calculator.feature:32&amp#27;[0m
2025-02-02 23:19:23 INFO  Steps:68 - Clicked the 'Consent' button.
2025-02-02 23:19:23 INFO  Steps:72 - Clicked the 'I Accept!' button.
  &amp#27;[32mGiven &amp#27;[0m&amp#27;[32mI am on the VAT Calculator page&amp#27;[0m              &amp#27;[90m# com.calkoo.steps.Steps.i_am_on_the_VAT_Calculator_page()&amp#27;[0m
2025-02-02 23:19:24 INFO  Steps:81 - Selected country: United Kingdom
  &amp#27;[32mWhen &amp#27;[0m&amp#27;[32mI select a country &amp#27;[0m&amp#27;[32m&amp#27;[1m"United Kingdom"&amp#27;[0m           &amp#27;[90m# com.calkoo.steps.Steps.i_select_a_country(java.lang.String)&amp#27;[0m
2025-02-02 23:19:24 INFO  Steps:87 - Selected VAT rate: 20%
  &amp#27;[32mAnd &amp#27;[0m&amp#27;[32mI select a VAT rate &amp#27;[0m&amp#27;[32m&amp#27;[1m"20%"&amp#27;[0m                      &amp#27;[90m# com.calkoo.steps.Steps.i_select_a_VAT_rate(java.lang.String)&amp#27;[0m
2025-02-02 23:19:24 INFO  Steps:120 - Entered Net amount: 25.50
  &amp#27;[32mAnd &amp#27;[0m&amp#27;[32mI enter the Net amount &amp#27;[0m&amp#27;[32m&amp#27;[1m"25.50"&amp#27;[0m                 &amp#27;[90m# com.calkoo.steps.Steps.i_enter_the_Net_amount(java.lang.String)&amp#27;[0m
2025-02-02 23:19:24 INFO  Steps:126 - Expected Gross amount: 30.60
2025-02-02 23:19:24 INFO  Steps:127 - Actual Gross amount: 30.6
  &amp#27;[32mThen &amp#27;[0m&amp#27;[32mthe calculated Gross amount should be &amp#27;[0m&amp#27;[32m&amp#27;[1m"30.60"&amp#27;[0m &amp#27;[90m# com.calkoo.steps.Steps.the_calculated_Gross_amount_should_be(java.lang.String)&amp#27;[0m
2025-02-02 23:19:25 INFO  Steps:134 - Verified VAT amount: 5.10
  &amp#27;[32mAnd &amp#27;[0m&amp#27;[32mthe calculated VAT amount should be &amp#27;[0m&amp#27;[32m&amp#27;[1m"5.10"&amp#27;[0m     &amp#27;[90m# com.calkoo.steps.Steps.the_calculated_VAT_amount_should_be(java.lang.String)&amp#27;[0m
2025-02-02 23:19:25 INFO  Steps:148 - Browser closed.
]]></system-out>
  </testcase>
  <testcase name="Error Handling for Negative Input" classname="Vat Calculator" time="6.719">
    <system-out><![CDATA[
Scenario: Error Handling for Negative Input                                          &amp#27;[90m# src/test/resources/features/vat_calculator.feature:34&amp#27;[0m
2025-02-02 23:19:28 INFO  Steps:68 - Clicked the 'Consent' button.
2025-02-02 23:19:28 INFO  Steps:72 - Clicked the 'I Accept!' button.
  &amp#27;[32mGiven &amp#27;[0m&amp#27;[32mI am on the VAT Calculator page&amp#27;[0m                                              &amp#27;[90m# com.calkoo.steps.Steps.i_am_on_the_VAT_Calculator_page()&amp#27;[0m
2025-02-02 23:19:31 INFO  Steps:81 - Selected country: France
  &amp#27;[32mWhen &amp#27;[0m&amp#27;[32mI select a country &amp#27;[0m&amp#27;[32m&amp#27;[1m"France"&amp#27;[0m                                                   &amp#27;[90m# com.calkoo.steps.Steps.i_select_a_country(java.lang.String)&amp#27;[0m
2025-02-02 23:19:32 INFO  Steps:93 - Selected other VAT rate: 20%
  &amp#27;[32mAnd &amp#27;[0m&amp#27;[32mI select other VAT rate &amp#27;[0m&amp#27;[32m&amp#27;[1m"20%"&amp#27;[0m                                                  &amp#27;[90m# com.calkoo.steps.Steps.i_select_other_VAT_rate(java.lang.String)&amp#27;[0m
2025-02-02 23:19:32 INFO  Steps:120 - Entered Net amount: -100
  &amp#27;[32mWhen &amp#27;[0m&amp#27;[32mI enter the Net amount &amp#27;[0m&amp#27;[32m&amp#27;[1m"-100"&amp#27;[0m                                                 &amp#27;[90m# com.calkoo.steps.Steps.i_enter_the_Net_amount(java.lang.String)&amp#27;[0m
2025-02-02 23:19:32 INFO  Steps:141 - Verified error message: Negative values are invalid for a pie chart.×
  &amp#27;[32mThen &amp#27;[0m&amp#27;[32mI should see an error message &amp#27;[0m&amp#27;[32m&amp#27;[1m"Negative values are invalid for a pie chart.×"&amp#27;[0m &amp#27;[90m# com.calkoo.steps.Steps.i_should_see_an_error_message(java.lang.String)&amp#27;[0m
2025-02-02 23:19:32 INFO  Steps:148 - Browser closed.
]]></system-out>
  </testcase>
</testsuite>